<?xml version="1.0" encoding="UTF-8" ?>
<testsuites>
<testsuite name="testing async" errors="0" tests="1" failures="1" time="0.023" timestamp="2017-10-16T23:42:45">
  <testcase classname="testing async" name="get request" time="0.015"><failure type="expect" message="Expected undefined to be true.">Error: Expected undefined to be true.
    at new jasmine.ExpectationResult (C:\Givingback_api\node_modules\jasmine-node\lib\jasmine-node/jasmine-1.3.1.js:114:32)
    at .toBe (C:\Givingback_api\node_modules\jasmine-node\lib\jasmine-node/jasmine-1.3.1.js:1316:29)
    at .&amp;lt;anonymous&amp;gt; (C:\Givingback_api\spec\test_spec.js:86:23)
    at jasmine.Block.execute (C:\Givingback_api\node_modules\jasmine-node\lib\jasmine-node/jasmine-1.3.1.js:1145:17)
    at jasmine.Queue.next_ (C:\Givingback_api\node_modules\jasmine-node\lib\jasmine-node/jasmine-1.3.1.js:2177:31)
    at Timeout._onTimeout (C:\Givingback_api\node_modules\jasmine-node\lib\jasmine-node/jasmine-1.3.1.js:2167:18)
    at ontimeout (timers.js:386:14)
    at tryOnTimeout (timers.js:250:5)
    at Timer.listOnTimeout (timers.js:214:5)</failure></testcase>
</testsuite>
</testsuites>