<?xml version="1.0" encoding="UTF-8" ?>
<testsuites>
<testsuite name="total pledge count should keep increasing" errors="0" tests="1" failures="1" time="0.031" timestamp="2017-10-18T12:07:32">
  <testcase classname="total pledge count should keep increasing" name="asserting the fact" time="0.031"><failure type="expect" message="ReferenceError: done is not defined">ReferenceError: done is not defined
    at .&amp;lt;anonymous&amp;gt; (c:\Givingback_api\spec\pledgecount_spec.js:75:2)
    at jasmine.Block.execute (c:\Givingback_api\node_modules\jasmine-node\lib\jasmine-node/jasmine-1.3.1.js:1145:17)
    at jasmine.Queue.next_ (c:\Givingback_api\node_modules\jasmine-node\lib\jasmine-node/jasmine-1.3.1.js:2177:31)
    at jasmine.Queue.start (c:\Givingback_api\node_modules\jasmine-node\lib\jasmine-node/jasmine-1.3.1.js:2130:8)
    at jasmine.Spec.execute (c:\Givingback_api\node_modules\jasmine-node\lib\jasmine-node/jasmine-1.3.1.js:2458:14)
    at jasmine.Queue.next_ (c:\Givingback_api\node_modules\jasmine-node\lib\jasmine-node/jasmine-1.3.1.js:2177:31)
    at jasmine.Queue.start (c:\Givingback_api\node_modules\jasmine-node\lib\jasmine-node/jasmine-1.3.1.js:2130:8)
    at jasmine.Suite.execute (c:\Givingback_api\node_modules\jasmine-node\lib\jasmine-node/jasmine-1.3.1.js:2604:14)
    at jasmine.Queue.next_ (c:\Givingback_api\node_modules\jasmine-node\lib\jasmine-node/jasmine-1.3.1.js:2177:31)
    at jasmine.Queue.start (c:\Givingback_api\node_modules\jasmine-node\lib\jasmine-node/jasmine-1.3.1.js:2130:8)</failure><failure type="expect" message="Expected false to be truthy.">Error: Expected false to be truthy.
    at new jasmine.ExpectationResult (c:\Givingback_api\node_modules\jasmine-node\lib\jasmine-node/jasmine-1.3.1.js:114:32)
    at .toBeTruthy (c:\Givingback_api\node_modules\jasmine-node\lib\jasmine-node/jasmine-1.3.1.js:1316:29)
    at .&amp;lt;anonymous&amp;gt; (c:\Givingback_api\spec\pledgecount_spec.js:81:40)
    at jasmine.Block.execute (c:\Givingback_api\node_modules\jasmine-node\lib\jasmine-node/jasmine-1.3.1.js:1145:17)
    at jasmine.Queue.next_ (c:\Givingback_api\node_modules\jasmine-node\lib\jasmine-node/jasmine-1.3.1.js:2177:31)
    at Timeout._onTimeout (c:\Givingback_api\node_modules\jasmine-node\lib\jasmine-node/jasmine-1.3.1.js:2167:18)
    at ontimeout (timers.js:386:14)
    at tryOnTimeout (timers.js:250:5)
    at Timer.listOnTimeout (timers.js:214:5)</failure></testcase>
</testsuite>
</testsuites>