<?xml version="1.0" encoding="UTF-8" ?>
<testsuites>
<testsuite name="making another 2500 pledges" errors="0" tests="1" failures="0" time="0.007" timestamp="2017-10-21T10:54:31">
  <testcase classname="making another 2500 pledges" name="making 2500 pledges" time="0.005"></testcase>
</testsuite>
</testsuites>