<?xml version="1.0" encoding="UTF-8" ?>
<testsuites>
<testsuite name="a user can pledge only once" errors="0" tests="1" failures="0" time="1.235" timestamp="2017-10-24T09:11:43">
  <testcase classname="a user can pledge only once" name="user cannot pledge again" time="1.235"></testcase>
</testsuite>
</testsuites>