<?xml version="1.0" encoding="UTF-8" ?>
<testsuites>
<testsuite name="verifies the metrics" errors="0" tests="1" failures="1" time="1.248" timestamp="2017-10-21T11:17:24">
  <testcase classname="verifies the metrics" name="verify the fund " time="1.243"><failure type="expect" message="Expected false to be truthy.">Error: Expected false to be truthy.
    at new jasmine.ExpectationResult (C:\Givingback_api\node_modules\jasmine-node\lib\jasmine-node/jasmine-1.3.1.js:114:32)
    at .toBeTruthy (C:\Givingback_api\node_modules\jasmine-node\lib\jasmine-node/jasmine-1.3.1.js:1316:29)
    at Request._callback (C:\Givingback_api\spec\p50verify_spec.js:14:38)
    at Request.self.callback (C:\Givingback_api\node_modules\request\request.js:186:22)
    at emitTwo (events.js:106:13)
    at Request.emit (events.js:191:7)
    at Request.&amp;lt;anonymous&amp;gt; (C:\Givingback_api\node_modules\request\request.js:1163:10)
    at emitOne (events.js:96:13)
    at Request.emit (events.js:188:7)
    at IncomingMessage.&amp;lt;anonymous&amp;gt; (C:\Givingback_api\node_modules\request\request.js:1085:12)</failure><failure type="expect" message="Expected false to be truthy.">Error: Expected false to be truthy.
    at new jasmine.ExpectationResult (C:\Givingback_api\node_modules\jasmine-node\lib\jasmine-node/jasmine-1.3.1.js:114:32)
    at .toBeTruthy (C:\Givingback_api\node_modules\jasmine-node\lib\jasmine-node/jasmine-1.3.1.js:1316:29)
    at Request._callback (C:\Givingback_api\spec\p50verify_spec.js:15:50)
    at Request.self.callback (C:\Givingback_api\node_modules\request\request.js:186:22)
    at emitTwo (events.js:106:13)
    at Request.emit (events.js:191:7)
    at Request.&amp;lt;anonymous&amp;gt; (C:\Givingback_api\node_modules\request\request.js:1163:10)
    at emitOne (events.js:96:13)
    at Request.emit (events.js:188:7)
    at IncomingMessage.&amp;lt;anonymous&amp;gt; (C:\Givingback_api\node_modules\request\request.js:1085:12)</failure></testcase>
</testsuite>
</testsuites>