<?xml version="1.0" encoding="UTF-8" ?>
<testsuites>
<testsuite name="a piece should get unlocked only after the required no of pledges" errors="0" tests="1" failures="1" time="0.015" timestamp="2017-10-16T12:03:40">
  <testcase classname="a piece should get unlocked only after the required no of pledges" name="unlocking a piece" time="0.015"><failure type="expect" message="TypeError: Cannot read property &amp;apos;then&amp;apos; of undefined">TypeError: Cannot read property &amp;apos;then&amp;apos; of undefined
    at .&amp;lt;anonymous&amp;gt; (C:\Givingback_api\spec\unlockpieceNew_spec.js:35:3)
    at .&amp;lt;anonymous&amp;gt; (C:\Givingback_api\node_modules\jasmine-node\lib\jasmine-node\async-callback.js:45:37)
    at jasmine.Block.execute (C:\Givingback_api\node_modules\jasmine-node\lib\jasmine-node/jasmine-1.3.1.js:1145:17)
    at jasmine.Queue.next_ (C:\Givingback_api\node_modules\jasmine-node\lib\jasmine-node/jasmine-1.3.1.js:2177:31)
    at Timeout._onTimeout (C:\Givingback_api\node_modules\jasmine-node\lib\jasmine-node/jasmine-1.3.1.js:2167:18)
    at ontimeout (timers.js:386:14)
    at tryOnTimeout (timers.js:250:5)
    at Timer.listOnTimeout (timers.js:214:5)</failure></testcase>
</testsuite>
</testsuites>