<?xml version="1.0" encoding="UTF-8" ?>
<testsuites>
<testsuite name="pledge cannot be done for unlocked piece" errors="0" tests="2" failures="2" time="1" timestamp="2017-10-16T11:12:02">
  <testcase classname="pledge cannot be done for unlocked piece" name="unlocking the piece" time="0.531"><failure type="expect" message="Expected false to be true.">Error: Expected false to be true.
    at new jasmine.ExpectationResult (C:\Givingback_api\node_modules\jasmine-node\lib\jasmine-node/jasmine-1.3.1.js:114:32)
    at .toBe (C:\Givingback_api\node_modules\jasmine-node\lib\jasmine-node/jasmine-1.3.1.js:1316:29)
    at Request._callback (C:\Givingback_api\spec\unlockedop_spec.js:57:33)
    at Request.self.callback (C:\Givingback_api\node_modules\request\request.js:186:22)
    at emitTwo (events.js:106:13)
    at Request.emit (events.js:191:7)
    at Request.&amp;lt;anonymous&amp;gt; (C:\Givingback_api\node_modules\request\request.js:1163:10)
    at emitOne (events.js:96:13)
    at Request.emit (events.js:188:7)
    at IncomingMessage.&amp;lt;anonymous&amp;gt; (C:\Givingback_api\node_modules\request\request.js:1085:12)</failure></testcase>
  <testcase classname="pledge cannot be done for unlocked piece" name="pledging for the unlocked piece" time="0.469"><failure type="expect" message="Expected false to be truthy.">Error: Expected false to be truthy.
    at new jasmine.ExpectationResult (C:\Givingback_api\node_modules\jasmine-node\lib\jasmine-node/jasmine-1.3.1.js:114:32)
    at .toBeTruthy (C:\Givingback_api\node_modules\jasmine-node\lib\jasmine-node/jasmine-1.3.1.js:1316:29)
    at Request._callback (C:\Givingback_api\spec\unlockedop_spec.js:83:38)
    at Request.self.callback (C:\Givingback_api\node_modules\request\request.js:186:22)
    at emitTwo (events.js:106:13)
    at Request.emit (events.js:191:7)
    at Request.&amp;lt;anonymous&amp;gt; (C:\Givingback_api\node_modules\request\request.js:1163:10)
    at emitOne (events.js:96:13)
    at Request.emit (events.js:188:7)
    at IncomingMessage.&amp;lt;anonymous&amp;gt; (C:\Givingback_api\node_modules\request\request.js:1085:12)</failure></testcase>
</testsuite>
</testsuites>