<?xml version="1.0" encoding="UTF-8" ?>
<testsuites>
<testsuite name="pledge cannot be done for an unlocked piece" errors="0" tests="3" failures="1" time="5.035" timestamp="2017-10-16T17:19:49">
  <testcase classname="pledge cannot be done for an unlocked piece" name="unlocking a piece" time="4.048"></testcase>
  <testcase classname="pledge cannot be done for an unlocked piece" name="verifying if the piece is unlocked" time="0.531"><failure type="expect" message="Expected false to be true.">Error: Expected false to be true.
    at new jasmine.ExpectationResult (C:\Givingback_api\node_modules\jasmine-node\lib\jasmine-node/jasmine-1.3.1.js:114:32)
    at .toBe (C:\Givingback_api\node_modules\jasmine-node\lib\jasmine-node/jasmine-1.3.1.js:1316:29)
    at Request._callback (C:\Givingback_api\spec\b_unlockedopNew_spec.js:62:33)
    at Request.self.callback (C:\Givingback_api\node_modules\request\request.js:186:22)
    at emitTwo (events.js:106:13)
    at Request.emit (events.js:191:7)
    at Request.&amp;lt;anonymous&amp;gt; (C:\Givingback_api\node_modules\request\request.js:1163:10)
    at emitOne (events.js:96:13)
    at Request.emit (events.js:188:7)
    at IncomingMessage.&amp;lt;anonymous&amp;gt; (C:\Givingback_api\node_modules\request\request.js:1085:12)</failure></testcase>
  <testcase classname="pledge cannot be done for an unlocked piece" name="pledging for the unlocked piece" time="0.44"></testcase>
</testsuite>
</testsuites>