<?xml version="1.0" encoding="UTF-8" ?>
<testsuites>
<testsuite name="the pledge count should increase" errors="0" tests="1" failures="0" time="1.517" timestamp="2017-10-23T11:12:51">
  <testcase classname="the pledge count should increase" name="making the pledge" time="1.514"></testcase>
</testsuite>
</testsuites>