<?xml version="1.0" encoding="UTF-8" ?>
<testsuites>
<testsuite name="single pledge scenarios" errors="0" tests="2" failures="1" time="0.923" timestamp="2017-10-18T10:31:36">
  <testcase classname="single pledge scenarios" name="user should be able to pledge for the first time" time="0.472"><failure type="expect" message="Expected 500 to be 200.">Error: Expected 500 to be 200.
    at new jasmine.ExpectationResult (c:\Givingback_api\node_modules\jasmine-node\lib\jasmine-node/jasmine-1.3.1.js:114:32)
    at .toBe (c:\Givingback_api\node_modules\jasmine-node\lib\jasmine-node/jasmine-1.3.1.js:1316:29)
    at Request._callback (c:\Givingback_api\spec\singleRequest_spec.js:23:30)
    at Request.self.callback (c:\Givingback_api\node_modules\request\request.js:186:22)
    at emitTwo (events.js:106:13)
    at Request.emit (events.js:191:7)
    at Request.&amp;lt;anonymous&amp;gt; (c:\Givingback_api\node_modules\request\request.js:1163:10)
    at emitOne (events.js:96:13)
    at Request.emit (events.js:188:7)
    at IncomingMessage.&amp;lt;anonymous&amp;gt; (c:\Givingback_api\node_modules\request\request.js:1085:12)</failure></testcase>
  <testcase classname="single pledge scenarios" name="user can pledge only once" time="0.446"></testcase>
</testsuite>
</testsuites>